#
# A fatal error has been detected by the Java Runtime Environment:
#
#  EXCEPTION_ACCESS_VIOLATION (0xc0000005) at pc=0x000000006a369ee0, pid=6464, tid=1260
#
# JRE version: Java(TM) SE Runtime Environment (8.0_65-b17) (build 1.8.0_65-b17)
# Java VM: Java HotSpot(TM) 64-Bit Server VM (25.65-b01 mixed mode windows-amd64 compressed oops)
# Problematic frame:
# V  [jvm.dll+0x479ee0]
#
# Failed to write core dump. Minidumps are not enabled by default on client versions of Windows
#
# If you would like to submit a bug report, please visit:
#   http://bugreport.java.com/bugreport/crash.jsp
#

---------------  T H R E A D  ---------------

Current thread (0x000000001d4eb000):  JavaThread "C2 CompilerThread1" daemon [_thread_in_native, id=1260, stack(0x000000001dbf0000,0x000000001dcf0000)]

siginfo: ExceptionCode=0xc0000005, reading address 0x0000000000200020

Registers:
RAX=0x000000000000000b, RBX=0x0000000000000008, RCX=0x0000000000000000, RDX=0x000000001e23f560
RSP=0x000000001dceb910, RBP=0x000000001e23f600, RSI=0x0000000000000000, RDI=0x0000000000000001
R8 =0x0000000000200000, R9 =0x000000001e23f1f0, R10=0x000000001e23f600, R11=0x000000001e23f560
R12=0x000000001e23f1f0, R13=0x000000001e240730, R14=0x000000001e0fde10, R15=0x000000001e23a1f0
RIP=0x000000006a369ee0, EFLAGS=0x0000000000010206

Top of Stack: (sp=0x000000001dceb910)
0x000000001dceb910:   0000000000000008 0000000000000000
0x000000001dceb920:   0000000000000001 000000001e240730
0x000000001dceb930:   000000000000000c 000000001e23a1f0
0x000000001dceb940:   00000000000083b0 000000001e23f1f0
0x000000001dceb950:   000000001e240730 000000001e2421d8
0x000000001dceb960:   000000001d4e03f0 000000006a55cda8
0x000000001dceb970:   000000001d4e03f0 0000000000000004
0x000000001dceb980:   000000001e240890 000000006a4163f6
0x000000001dceb990:   0000002100000000 000000001d4e03f0
0x000000001dceb9a0:   0000000000000000 000000001e23a1f0
0x000000001dceb9b0:   000000001d4e03f0 000000001dcebe00
0x000000001dceb9c0:   0000000000000000 000000001dcebae0
0x000000001dceb9d0:   000000001dcebe20 000000006a3ac9bf
0x000000001dceb9e0:   000000001dcebe00 000000000000000f
0x000000001dceb9f0:   000000001e23f1f0 000000001e23f600
0x000000001dceba00:   000000001e23e7e0 000000001e2421d8 

Instructions: (pc=0x000000006a369ee0)
0x000000006a369ec0:   48 89 45 38 49 89 6c cc 38 48 8b 4d 10 e8 be f0
0x000000006a369ed0:   ff ff 4c 8b 5d 10 4d 8b 43 38 4d 85 c0 74 6c 90
0x000000006a369ee0:   49 8b 48 20 48 85 c9 75 06 49 8b 50 18 eb 42 48
0x000000006a369ef0:   83 79 20 00 74 25 e8 55 f0 ff ff 4d 8b 48 20 49 


Register to memory mapping:

RAX=0x000000000000000b is an unknown value
RBX=0x0000000000000008 is an unknown value
RCX=0x0000000000000000 is an unknown value
RDX=0x000000001e23f560 is an unknown value
RSP=0x000000001dceb910 is pointing into the stack for thread: 0x000000001d4eb000
RBP=0x000000001e23f600 is an unknown value
RSI=0x0000000000000000 is an unknown value
RDI=0x0000000000000001 is an unknown value
R8 =0x0000000000200000 is an unknown value
R9 =0x000000001e23f1f0 is an unknown value
R10=0x000000001e23f600 is an unknown value
R11=0x000000001e23f560 is an unknown value
R12=0x000000001e23f1f0 is an unknown value
R13=0x000000001e240730 is an unknown value
R14=0x000000001e0fde10 is an unknown value
R15=0x000000001e23a1f0 is an unknown value


Stack: [0x000000001dbf0000,0x000000001dcf0000],  sp=0x000000001dceb910,  free space=1006k
Native frames: (J=compiled Java code, j=interpreted, Vv=VM code, C=native code)
V  [jvm.dll+0x479ee0]
V  [jvm.dll+0x4bc9bf]
V  [jvm.dll+0x46ed71]
V  [jvm.dll+0x46faae]
V  [jvm.dll+0x452cc2]
V  [jvm.dll+0xa4672]
V  [jvm.dll+0xa4faf]
V  [jvm.dll+0x243144]
V  [jvm.dll+0x299f7a]
C  [msvcr100.dll+0x21d9f]
C  [msvcr100.dll+0x21e3b]
C  [kernel32.dll+0x159dd]
C  [ntdll.dll+0x2a631]


Current CompileTask:
C2:  31159 1845       4       java.io.InputStream::<init> (5 bytes)


---------------  P R O C E S S  ---------------

Java Threads: ( => current thread )
  0x000000001e0ef000 JavaThread "Exec Stream Pumper" daemon [_thread_in_native, id=2064, stack(0x0000000020920000,0x0000000020a20000)]
  0x000000001e0ee800 JavaThread "Exec Stream Pumper" daemon [_thread_in_native, id=9284, stack(0x00000000210b0000,0x00000000211b0000)]
  0x000000001e0eb000 JavaThread "Exec Default Executor" daemon [_thread_in_native, id=6544, stack(0x0000000020f00000,0x0000000021000000)]
  0x000000001ef7a800 JavaThread "Exec Stream Pumper" daemon [_thread_in_native, id=10064, stack(0x0000000020a60000,0x0000000020b60000)]
  0x000000001ef7c800 JavaThread "Exec Stream Pumper" daemon [_thread_in_native, id=9764, stack(0x000000001ed00000,0x000000001ee00000)]
  0x000000001f159000 JavaThread "Exec Default Executor" daemon [_thread_in_native, id=10132, stack(0x0000000020800000,0x0000000020900000)]
  0x000000001e36b000 JavaThread "ReaderThread" [_thread_in_native, id=1748, stack(0x000000001ee30000,0x000000001ef30000)]
  0x000000001d54e800 JavaThread "Service Thread" daemon [_thread_blocked, id=8428, stack(0x000000001d900000,0x000000001da00000)]
  0x000000001d4ec800 JavaThread "C1 CompilerThread2" daemon [_thread_blocked, id=9976, stack(0x000000001dd10000,0x000000001de10000)]
=>0x000000001d4eb000 JavaThread "C2 CompilerThread1" daemon [_thread_in_native, id=1260, stack(0x000000001dbf0000,0x000000001dcf0000)]
  0x000000001d4e6000 JavaThread "C2 CompilerThread0" daemon [_thread_blocked, id=10116, stack(0x000000001da20000,0x000000001db20000)]
  0x000000001bf0f000 JavaThread "Attach Listener" daemon [_thread_blocked, id=9548, stack(0x000000001d140000,0x000000001d240000)]
  0x000000001bf0c000 JavaThread "Signal Dispatcher" daemon [_thread_blocked, id=9984, stack(0x000000001d3e0000,0x000000001d4e0000)]
  0x000000001bea9800 JavaThread "Finalizer" daemon [_thread_blocked, id=6856, stack(0x000000001d2d0000,0x000000001d3d0000)]
  0x000000001bea2800 JavaThread "Reference Handler" daemon [_thread_blocked, id=9776, stack(0x000000001d020000,0x000000001d120000)]
  0x00000000022ee800 JavaThread "Forwarding clearElement on session b8a15245-4b10-4350-a603-3c2e4f1a7c36 to remote" [_thread_in_native, id=5996, stack(0x00000000025e0000,0x00000000026e0000)]

Other Threads:
  0x000000001be9c800 VMThread [stack: 0x000000001cef0000,0x000000001cff0000] [id=9904]
  0x000000001d59f000 WatcherThread [stack: 0x000000001dfe0000,0x000000001e0e0000] [id=9000]

VM state:not at safepoint (normal execution)

VM Mutex/Monitor currently owned by a thread: None

Heap:
 PSYoungGen      total 75264K, used 30672K [0x000000076c400000, 0x0000000771800000, 0x00000007c0000000)
  eden space 64512K, 30% used [0x000000076c400000,0x000000076d775b50,0x0000000770300000)
  from space 10752K, 99% used [0x0000000770300000,0x0000000770d7e760,0x0000000770d80000)
  to   space 10752K, 0% used [0x0000000770d80000,0x0000000770d80000,0x0000000771800000)
 ParOldGen       total 172032K, used 776K [0x00000006c4c00000, 0x00000006cf400000, 0x000000076c400000)
  object space 172032K, 0% used [0x00000006c4c00000,0x00000006c4cc23b8,0x00000006cf400000)
 Metaspace       used 18636K, capacity 18884K, committed 19200K, reserved 1067008K
  class space    used 2370K, capacity 2453K, committed 2560K, reserved 1048576K

Card table byte_map: [0x0000000011d70000,0x0000000012550000] byte_map_base: 0x000000000e74a000

Marking Bits: (ParMarkBitMap*) 0x000000006a6fa5b0
 Begin Bits: [0x0000000012f90000, 0x0000000016e60000)
 End Bits:   [0x0000000016e60000, 0x000000001ad30000)

Polling page: 0x0000000000440000

CodeCache: size=245760Kb used=6122Kb max_used=6122Kb free=239637Kb
 bounds [0x00000000029b0000, 0x0000000002fb0000, 0x00000000119b0000]
 total_blobs=2261 nmethods=1850 adapters=323
 compilation: enabled

Compilation events (10 events):
Event: 31.031 Thread 0x000000001d4ec800 nmethod 1840 0x0000000002fa41d0 code [0x0000000002fa4320, 0x0000000002fa4470]
Event: 31.031 Thread 0x000000001d4ec800 1841       3       java.lang.ThreadLocal::<init> (12 bytes)
Event: 31.032 Thread 0x000000001d4ec800 nmethod 1841 0x0000000002fa44d0 code [0x0000000002fa4640, 0x0000000002fa4950]
Event: 31.032 Thread 0x000000001d4ec800 1842       3       java.lang.ThreadLocal::nextHashCode (9 bytes)
Event: 31.033 Thread 0x000000001d4ec800 nmethod 1842 0x0000000002fa4a90 code [0x0000000002fa4c00, 0x0000000002fa4e30]
Event: 31.061 Thread 0x000000001d4ec800 1843       3       com.google.common.collect.HashBiMap::hash (16 bytes)
Event: 31.061 Thread 0x000000001d4ec800 nmethod 1843 0x0000000002fa4f10 code [0x0000000002fa5080, 0x0000000002fa53a8]
Event: 31.062 Thread 0x000000001d4ec800 1844       3       org.apache.http.util.LangUtils::equals (22 bytes)
Event: 31.063 Thread 0x000000001d4ec800 nmethod 1844 0x0000000002fa54d0 code [0x0000000002fa5640, 0x0000000002fa58e8]
Event: 31.113 Thread 0x000000001d4eb000 1845       4       java.io.InputStream::<init> (5 bytes)

GC Heap History (2 events):
Event: 4.913 GC heap before
{Heap before GC invocations=1 (full 0):
 PSYoungGen      total 75264K, used 64512K [0x000000076c400000, 0x0000000771800000, 0x00000007c0000000)
  eden space 64512K, 100% used [0x000000076c400000,0x0000000770300000,0x0000000770300000)
  from space 10752K, 0% used [0x0000000770d80000,0x0000000770d80000,0x0000000771800000)
  to   space 10752K, 0% used [0x0000000770300000,0x0000000770300000,0x0000000770d80000)
 ParOldGen       total 172032K, used 0K [0x00000006c4c00000, 0x00000006cf400000, 0x000000076c400000)
  object space 172032K, 0% used [0x00000006c4c00000,0x00000006c4c00000,0x00000006cf400000)
 Metaspace       used 17277K, capacity 17556K, committed 17792K, reserved 1064960K
  class space    used 2238K, capacity 2317K, committed 2432K, reserved 1048576K
Event: 4.934 GC heap after
Heap after GC invocations=1 (full 0):
 PSYoungGen      total 75264K, used 10745K [0x000000076c400000, 0x0000000771800000, 0x00000007c0000000)
  eden space 64512K, 0% used [0x000000076c400000,0x000000076c400000,0x0000000770300000)
  from space 10752K, 99% used [0x0000000770300000,0x0000000770d7e760,0x0000000770d80000)
  to   space 10752K, 0% used [0x0000000770d80000,0x0000000770d80000,0x0000000771800000)
 ParOldGen       total 172032K, used 776K [0x00000006c4c00000, 0x00000006cf400000, 0x000000076c400000)
  object space 172032K, 0% used [0x00000006c4c00000,0x00000006c4cc23b8,0x00000006cf400000)
 Metaspace       used 17277K, capacity 17556K, committed 17792K, reserved 1064960K
  class space    used 2238K, capacity 2317K, committed 2432K, reserved 1048576K
}

Deoptimization events (10 events):
Event: 1.959 Thread 0x00000000022ee800 Uncommon trap: reason=unstable_if action=reinterpret pc=0x0000000002d7a364 method=java.io.BufferedReader.read()I @ 19
Event: 1.978 Thread 0x00000000022ee800 Uncommon trap: reason=unstable_if action=reinterpret pc=0x0000000002d82364 method=org.apache.http.conn.util.PublicSuffixListParser.readLine(Ljava/io/Reader;Ljava/lang/StringBuilder;)Z @ 15
Event: 2.080 Thread 0x00000000022ee800 Uncommon trap: reason=unstable_if action=reinterpret pc=0x0000000002b49024 method=java.lang.String.replace(CC)Ljava/lang/String; @ 2
Event: 2.094 Thread 0x000000001ef7c800 Uncommon trap: reason=bimorphic action=maybe_recompile pc=0x0000000002ca25d0 method=java.io.FilterInputStream.read([B)I @ 5
Event: 2.433 Thread 0x000000001ef7c800 Uncommon trap: reason=bimorphic action=maybe_recompile pc=0x0000000002ca25d0 method=java.io.FilterInputStream.read([B)I @ 5
Event: 2.455 Thread 0x000000001ef7c800 Uncommon trap: reason=bimorphic action=maybe_recompile pc=0x0000000002ca25d0 method=java.io.FilterInputStream.read([B)I @ 5
Event: 2.457 Thread 0x000000001ef7c800 Uncommon trap: reason=bimorphic action=maybe_recompile pc=0x0000000002ca25d0 method=java.io.FilterInputStream.read([B)I @ 5
Event: 2.521 Thread 0x000000001ef7c800 Uncommon trap: reason=unstable_if action=reinterpret pc=0x0000000002dbcc90 method=org.openqa.selenium.remote.internal.CircularOutputStream.write(I)V @ 52
Event: 5.167 Thread 0x00000000022ee800 Uncommon trap: reason=unstable_if action=reinterpret pc=0x0000000002da9b9c method=java.lang.String.regionMatches(ZILjava/lang/String;II)Z @ 123
Event: 5.167 Thread 0x00000000022ee800 Uncommon trap: reason=unstable_if action=reinterpret pc=0x0000000002db0738 method=java.lang.String.regionMatches(ZILjava/lang/String;II)Z @ 123

Internal exceptions (10 events):
Event: 4.888 Thread 0x00000000022ee800 Exception <a 'java/lang/ArrayIndexOutOfBoundsException'> (0x0000000770241ad0) thrown at [C:\workspace\8-2-build-windows-amd64-cygwin\jdk8u65\4987\hotspot\src\share\vm\runtime\sharedRuntime.cpp, line 605]
Event: 4.888 Thread 0x00000000022ee800 Exception <a 'java/lang/ArrayIndexOutOfBoundsException'> (0x0000000770242ef8) thrown at [C:\workspace\8-2-build-windows-amd64-cygwin\jdk8u65\4987\hotspot\src\share\vm\runtime\sharedRuntime.cpp, line 605]
Event: 8.846 Thread 0x00000000022ee800 Exception <a 'java/lang/reflect/InvocationTargetException'> (0x000000076c8f32d8) thrown at [C:\workspace\8-2-build-windows-amd64-cygwin\jdk8u65\4987\hotspot\src\share\vm\runtime\reflection.cpp, line 1092]
Event: 9.378 Thread 0x00000000022ee800 Exception <a 'java/lang/reflect/InvocationTargetException'> (0x000000076c9230c8) thrown at [C:\workspace\8-2-build-windows-amd64-cygwin\jdk8u65\4987\hotspot\src\share\vm\runtime\reflection.cpp, line 1092]
Event: 9.936 Thread 0x00000000022ee800 Exception <a 'java/lang/reflect/InvocationTargetException'> (0x000000076cac08c0) thrown at [C:\workspace\8-2-build-windows-amd64-cygwin\jdk8u65\4987\hotspot\src\share\vm\runtime\reflection.cpp, line 1092]
Event: 10.456 Thread 0x00000000022ee800 Exception <a 'java/lang/reflect/InvocationTargetException'> (0x000000076cb4fec8) thrown at [C:\workspace\8-2-build-windows-amd64-cygwin\jdk8u65\4987\hotspot\src\share\vm\runtime\reflection.cpp, line 1092]
Event: 11.055 Thread 0x00000000022ee800 Exception <a 'java/lang/reflect/InvocationTargetException'> (0x000000076cba8538) thrown at [C:\workspace\8-2-build-windows-amd64-cygwin\jdk8u65\4987\hotspot\src\share\vm\runtime\reflection.cpp, line 1092]
Event: 20.229 Thread 0x00000000022ee800 Exception <a 'java/net/BindException': Address already in use: JVM_Bind> (0x000000076d117e70) thrown at [C:\workspace\8-2-build-windows-amd64-cygwin\jdk8u65\4987\hotspot\src\share\vm\prims\jni.cpp, line 735]
Event: 21.812 Thread 0x00000000022ee800 Exception <a 'java/net/ConnectException': Connection refused: connect> (0x000000076d37fb88) thrown at [C:\workspace\8-2-build-windows-amd64-cygwin\jdk8u65\4987\hotspot\src\share\vm\prims\jni.cpp, line 735]
Event: 22.912 Thread 0x00000000022ee800 Exception <a 'java/net/ConnectException': Connection refused: connect> (0x000000076d3811d0) thrown at [C:\workspace\8-2-build-windows-amd64-cygwin\jdk8u65\4987\hotspot\src\share\vm\prims\jni.cpp, line 735]

Events (10 events):
Event: 20.164 loading class org/openqa/selenium/remote/RemoteWebDriver$RemoteWebDriverOptions$RemoteTimeouts done
Event: 20.811 Thread 0x000000001e0eb000 Thread added: 0x000000001e0eb000
Event: 20.812 Executing VM operation: RevokeBias
Event: 20.812 Executing VM operation: RevokeBias done
Event: 20.817 Thread 0x000000001e0ee800 Thread added: 0x000000001e0ee800
Event: 20.817 Thread 0x000000001e0ef000 Thread added: 0x000000001e0ef000
Event: 25.869 Thread 0x00000000022ee800 DEOPT PACKING pc=0x0000000002e5c576 sp=0x00000000026dda50
Event: 25.869 Thread 0x00000000022ee800 DEOPT UNPACKING pc=0x00000000029f787f sp=0x00000000026dd7f0 mode 0
Event: 26.605 loading class com/primerevenue/osci/driver/EMLogin
Event: 26.605 loading class com/primerevenue/osci/driver/EMLogin done


Dynamic libraries:
0x000000013f1e0000 - 0x000000013f217000 	C:\Program Files\Java\jre1.8.0_65\bin\javaw.exe
0x0000000077b60000 - 0x0000000077d09000 	C:\Windows\SYSTEM32\ntdll.dll
0x0000000077940000 - 0x0000000077a60000 	C:\Windows\system32\kernel32.dll
0x000007fefdad0000 - 0x000007fefdb3b000 	C:\Windows\system32\KERNELBASE.dll
0x000007fefe700000 - 0x000007fefe7db000 	C:\Windows\system32\ADVAPI32.dll
0x000007fefdcc0000 - 0x000007fefdd5f000 	C:\Windows\system32\msvcrt.dll
0x000007feffe50000 - 0x000007feffe6f000 	C:\Windows\SYSTEM32\sechost.dll
0x000007fefdd60000 - 0x000007fefde8d000 	C:\Windows\system32\RPCRT4.dll
0x0000000077a60000 - 0x0000000077b5a000 	C:\Windows\system32\USER32.dll
0x000007feffde0000 - 0x000007feffe47000 	C:\Windows\system32\GDI32.dll
0x000007fefec70000 - 0x000007fefec7e000 	C:\Windows\system32\LPK.dll
0x000007fefde90000 - 0x000007fefdf59000 	C:\Windows\system32\USP10.dll
0x000007fefbed0000 - 0x000007fefc0c4000 	C:\Windows\WinSxS\amd64_microsoft.windows.common-controls_6595b64144ccf1df_6.0.7601.18837_none_fa3b1e3d17594757\COMCTL32.dll
0x000007fefed20000 - 0x000007fefed91000 	C:\Windows\system32\SHLWAPI.dll
0x000007fefe5a0000 - 0x000007fefe5ce000 	C:\Windows\system32\IMM32.DLL
0x000007feffcc0000 - 0x000007feffdc9000 	C:\Windows\system32\MSCTF.dll
0x0000000075660000 - 0x0000000075698000 	C:\PROGRA~2\Sophos\SOPHOS~1\SOPHOS~2.DLL
0x0000000077d20000 - 0x0000000077d27000 	C:\Windows\system32\PSAPI.DLL
0x0000000063530000 - 0x0000000063602000 	C:\Program Files\Java\jre1.8.0_65\bin\msvcr100.dll
0x0000000069ef0000 - 0x000000006a779000 	C:\Program Files\Java\jre1.8.0_65\bin\server\jvm.dll
0x000007fefb770000 - 0x000007fefb779000 	C:\Windows\system32\WSOCK32.dll
0x000007fefe5d0000 - 0x000007fefe61d000 	C:\Windows\system32\WS2_32.dll
0x000007feffdd0000 - 0x000007feffdd8000 	C:\Windows\system32\NSI.dll
0x000007fefafd0000 - 0x000007fefb00b000 	C:\Windows\system32\WINMM.dll
0x000007fefca80000 - 0x000007fefca8c000 	C:\Windows\system32\VERSION.dll
0x0000000074970000 - 0x000000007497f000 	C:\Program Files\Java\jre1.8.0_65\bin\verify.dll
0x0000000074940000 - 0x0000000074969000 	C:\Program Files\Java\jre1.8.0_65\bin\java.dll
0x0000000074920000 - 0x0000000074936000 	C:\Program Files\Java\jre1.8.0_65\bin\zip.dll
0x000007fefef30000 - 0x000007feffcb9000 	C:\Windows\system32\SHELL32.dll
0x000007fefe880000 - 0x000007fefea83000 	C:\Windows\system32\ole32.dll
0x000007fefd910000 - 0x000007fefd91f000 	C:\Windows\system32\profapi.dll
0x0000000074900000 - 0x000000007491a000 	C:\Program Files\Java\jre1.8.0_65\bin\net.dll
0x000007fefca90000 - 0x000007fefcabd000 	C:\ProgramData\Sophos\Web Intelligence\swi_ifslsp_64.dll
0x000007fefd0e0000 - 0x000007fefd135000 	C:\Windows\system32\mswsock.dll
0x000007fefd0d0000 - 0x000007fefd0d7000 	C:\Windows\System32\wship6.dll
0x000007fefca60000 - 0x000007fefca67000 	C:\Windows\System32\wshtcpip.dll
0x000007fefcf60000 - 0x000007fefcfbb000 	C:\Windows\system32\DNSAPI.dll
0x000000006c3c0000 - 0x000000006c3e6000 	C:\Program Files\Bonjour\mdnsNSP.dll
0x000007fefc840000 - 0x000007fefc867000 	C:\Windows\system32\Iphlpapi.DLL
0x000007fefc830000 - 0x000007fefc83b000 	C:\Windows\system32\WINNSI.DLL
0x000007feef1b0000 - 0x000007feef1b8000 	C:\Windows\system32\rasadhlp.dll
0x000007fef8970000 - 0x000007fef89c3000 	C:\Windows\System32\fwpuclnt.dll
0x000007fefd140000 - 0x000007fefd158000 	C:\Windows\system32\CRYPTSP.dll
0x000007fefce40000 - 0x000007fefce87000 	C:\Windows\system32\rsaenh.dll
0x000007fefda70000 - 0x000007fefda8e000 	C:\Windows\system32\USERENV.dll
0x000007fefd7a0000 - 0x000007fefd7af000 	C:\Windows\system32\CRYPTBASE.dll
0x000007fef7770000 - 0x000007fef7788000 	C:\Windows\system32\dhcpcsvc.DLL
0x000007fef7750000 - 0x000007fef7761000 	C:\Windows\system32\dhcpcsvc6.DLL
0x00000000748e0000 - 0x00000000748f1000 	C:\Program Files\Java\jre1.8.0_65\bin\nio.dll
0x00000000748b0000 - 0x00000000748d4000 	C:\Program Files\Java\jre1.8.0_65\bin\sunec.dll
0x000007fefd740000 - 0x000007fefd797000 	C:\Windows\system32\apphelp.dll
0x000007fefb960000 - 0x000007fefba85000 	C:\Windows\system32\dbghelp.dll

VM Arguments:
jvm_args: -ea -Dfile.encoding=Cp1252 
java_command: org.testng.remote.RemoteTestNG -serport 62916 -d C:\LocalProjects\Eclipse\SCiSupplier\test-output C:\Users\samuluru\AppData\Local\Temp\testng-eclipse-1326037453\testng-customsuite.xml
java_class_path (initial): C:\LocalProjects\Eclipse\SCiSupplier\target\test-classes;C:\LocalProjects\Eclipse\SCiSupplier\target\classes;C:\apps\eclipse\plugins\org.testng.eclipse_6.9.10.201512020421\lib\testng.jar;C:\apps\eclipse\plugins\org.testng.eclipse_6.9.10.201512020421\lib\jcommander.jar;C:\apps\eclipse\plugins\org.testng.eclipse_6.9.10.201512020421\lib\bsh-2.0b4.jar;C:\apps\eclipse\plugins\org.testng.eclipse_6.9.10.201512020421\lib\snakeyaml.jar;C:\jar\aspriseOCR.jar;C:\jar\htmlunit-core-js-2.17.jar;C:\jar\log4j-1.2.17.jar;C:\jar\pdfbox-app-1.8.10.jar;C:\jar\selenium-server-standalone-2.47.1.jar;C:\jar\xalan-2.7.2.jar;C:\jar\jetty-io-9.2.11.v20150529.jar;C:\jar\sqljdbc4.jar;C:\jar\jndi-1.2.1.jar;C:\Users\samuluru\.m2\repository\org\seleniumhq\selenium\selenium-java\2.47.1\selenium-java-2.47.1.jar;C:\Users\samuluru\.m2\repository\org\seleniumhq\selenium\selenium-chrome-driver\2.47.1\selenium-chrome-driver-2.47.1.jar;C:\Users\samuluru\.m2\repository\org\seleniumhq\selenium\selenium-remote-driver\2.47.1\selenium-remote-driver-2.47.1.jar;C:\Users\samuluru\.m2\repository\cglib\cglib-nodep\2.1_3\cglib-nodep-2.1_3.jar;C:\Users\samuluru\.m2\repository\com\google\code\gson\gson\2.3.1\gson-2.3.1.jar;C:\Users\samuluru\.m2\repository\org\seleniumhq\selenium\selenium-api\2.47.1\selenium-api-2.47.1.jar;C:\Users\samuluru\.m2\repository\com\google\guava\guava\18.0\guava-18.0.jar;C:\Users\samuluru\.m2\repository\org\seleniumhq\selenium\selenium-edge-driver\2.47.1\selenium-edge-driver-2.47.1.jar;C:\Users\samuluru\.m2\repository\commons-io\commons-io\2.4\commons-io-2.4.jar;C:\Users\samuluru\.m2\repository\org\apache\commons\commons-exec\1.3\commons-exec-1.3.jar;C:\Users\samuluru\.m2\repository\org\seleniumhq\selenium\selenium-htmlunit-driver\2.47.1\selenium-htmlunit-driver-2.47.1.jar;C:\Users\samuluru\.m2\repository\net\sourceforge\htmlunit\htmlunit\2.17\htmlunit-2.17.jar;C:\Users\samuluru\.m2\repository\xalan\xalan\2.7.2\xalan-2.7.2.jar;C:\Users\samuluru\.m2\repository\xala
Launcher Type: SUN_STANDARD

Environment Variables:
JAVA_HOME=C:\Program Files\Java\jdk1.8.0_60;C:\Program Files\Java\jre1.8.0_65\bin
PATH=C:/Program Files/Java/jre1.8.0_65/bin/server;C:/Program Files/Java/jre1.8.0_65/bin;C:/Program Files/Java/jre1.8.0_65/lib/amd64;C:\ProgramData\Oracle\Java\javapath;C:\Program Files (x86)\Intel\iCLS Client\;C:\Program Files\Intel\iCLS Client\;C:\Windows\system32;C:\Windows;C:\Windows\System32\Wbem;C:\Windows\System32\WindowsPowerShell\v1.0\;C:\Program Files\Intel\Intel(R) Management Engine Components\DAL;C:\Program Files (x86)\Intel\Intel(R) Management Engine Components\DAL;C:\Program Files\Intel\Intel(R) Management Engine Components\IPT;C:\Program Files (x86)\Intel\Intel(R) Management Engine Components\IPT;C:\Program Files\Intel\WiFi\bin\;C:\Program Files\Common Files\Intel\WirelessCommon\;C:\Program Files\Lenovo\Fingerprint Manager Pro\;C:\Program Files (x86)\Common Files\Lenovo;C:\Program Files\Condusiv Technologies\ExpressCache\;C:\SWTOOLS\ReadyApps;C:\apps\apache-maven-3.3.3\bin;C:\Program Files (x86)\Lenovo\Access Connections\;C:\Program Files (x86)\Common Files\lenovo\easyplussdk\bin;C:\Program Files\Microsoft SQL Server\110\Tools\Binn\;C:\Program Files (x86)\Microsoft SQL Server\110\Tools\Binn\ManagementStudio\;C:\Program Files (x86)\Microsoft SQL Server\110\Tools\Binn\;C:\Program Files (x86)\Microsoft SQL Server\110\DTS\Binn\;C:\Program Files\Java\jre1.8.0_65\bin;C:\apps\eclipse;
USERNAME=samuluru
OS=Windows_NT
PROCESSOR_IDENTIFIER=Intel64 Family 6 Model 61 Stepping 4, GenuineIntel



---------------  S Y S T E M  ---------------

OS: Windows 7 , 64 bit Build 7601 (6.1.7601.23250)

CPU:total 4 (2 cores per cpu, 2 threads per core) family 6 model 61 stepping 4, cmov, cx8, fxsr, mmx, sse, sse2, sse3, ssse3, sse4.1, sse4.2, popcnt, avx, avx2, aes, clmul, erms, rtm, 3dnowpref, lzcnt, ht, tsc, tscinvbit, bmi1, bmi2, adx

Memory: 4k page, physical 16465860k(12169584k free), swap 32929864k(27926588k free)

vm_info: Java HotSpot(TM) 64-Bit Server VM (25.65-b01) for windows-amd64 JRE (1.8.0_65-b17), built on Oct  6 2015 16:39:20 by "java_re" with MS VC++ 10.0 (VS2010)

time: Mon Dec 07 17:48:39 2015
elapsed time: 31 seconds (0d 0h 0m 31s)

