#
# A fatal error has been detected by the Java Runtime Environment:
#
#  EXCEPTION_ACCESS_VIOLATION (0xc0000005) at pc=0x0000000055a1db81, pid=6056, tid=3848
#
# JRE version: Java(TM) SE Runtime Environment (8.0_65-b17) (build 1.8.0_65-b17)
# Java VM: Java HotSpot(TM) 64-Bit Server VM (25.65-b01 mixed mode windows-amd64 compressed oops)
# Problematic frame:
# V  [jvm.dll+0x28db81]
#
# Failed to write core dump. Minidumps are not enabled by default on client versions of Windows
#
# If you would like to submit a bug report, please visit:
#   http://bugreport.java.com/bugreport/crash.jsp
#

---------------  T H R E A D  ---------------

Current thread (0x0000000001dce800):  JavaThread "main" [_thread_in_vm, id=3848, stack(0x0000000002470000,0x0000000002570000)]

siginfo: ExceptionCode=0xc0000005, writing address 0x000000000000005e

Registers:
RAX=0x0000000002c6bf50, RBX=0x000000000256c8b8, RCX=0x0000000000000006, RDX=0x000000000042bf40
RSP=0x000000000256c6c0, RBP=0x000000000256c7e8, RSI=0x000000000256d890, RDI=0x0000000002c6c144
R8 =0x0000000002840000, R9 =0x0000000000000006, R10=0x0000000055f82140, R11=0x0000000002c6c0e0
R12=0x0000000001dce800, R13=0x0000000002c6c144, R14=0x000000000256d970, R15=0x0000000001dce800
RIP=0x0000000055a1db81, EFLAGS=0x0000000000010202

Top of Stack: (sp=0x000000000256c6c0)
0x000000000256c6c0:   0000000000000018 0000000000000018
0x000000000256c6d0:   0000000001dce800 0000000055a23b38
0x000000000256c6e0:   000000000256c8f0 0000000055a652c7
0x000000000256c6f0:   000000000256c8b8 0000000000000001
0x000000000256c700:   000000001e69f700 00000000559d33c4
0x000000000256c710:   0000000000000000 0000000001dce800
0x000000000256c720:   0000000000000000 0000000055a6566b
0x000000000256c730:   000000000256c8b8 000000000256c860
0x000000000256c740:   0000000001dce4e0 0000000077381a6a
0x000000000256c750:   0000000001dce800 00000000559bd0b0
0x000000000256c760:   0000000001dce800 0000000000000000
0x000000000256c770:   000000001e4cd130 0000000057aa8d94
0x000000000256c780:   0000000000000000 00000000558c9276
0x000000000256c790:   0000000000000101 000000000143c89e
0x000000000256c7a0:   0000000001dcf588 0000000001dcf1b0
0x000000000256c7b0:   0000000001dcf1a0 0000000055801d43 

Instructions: (pc=0x0000000055a1db81)
0x0000000055a1db61:   48 89 69 38 48 89 69 40 48 89 69 48 40 88 69 50
0x0000000055a1db71:   49 8b f8 48 8d 05 45 da 39 00 41 b1 01 48 89 01
0x0000000055a1db81:   48 89 69 58 48 89 69 60 48 89 69 68 48 89 69 70
0x0000000055a1db91:   4c 63 05 c8 d3 52 00 40 38 2d d2 26 57 00 b9 0c 


Register to memory mapping:

RAX=0x0000000002c6bf50 is at entry_point+-368 in (nmethod*)0x0000000002c6bf50
RBX=0x000000000256c8b8 is pointing into the stack for thread: 0x0000000001dce800
RCX=0x0000000000000006 is an unknown value
RDX=0x000000000042bf40 is an unknown value
RSP=0x000000000256c6c0 is pointing into the stack for thread: 0x0000000001dce800
RBP=0x000000000256c7e8 is pointing into the stack for thread: 0x0000000001dce800
RSI=0x000000000256d890 is pointing into the stack for thread: 0x0000000001dce800
RDI=0x0000000002c6c144 is at entry_point+132 in (nmethod*)0x0000000002c6bf50
R8 =0x0000000002840000 is an unknown value
R9 =0x0000000000000006 is an unknown value
R10=0x0000000055f82140 is an unknown value
R11=0x0000000002c6c0e0 is at entry_point+32 in (nmethod*)0x0000000002c6bf50
R12=0x0000000001dce800 is a thread
R13=0x0000000002c6c144 is at entry_point+132 in (nmethod*)0x0000000002c6bf50
R14=0x000000000256d970 is pointing into the stack for thread: 0x0000000001dce800
R15=0x0000000001dce800 is a thread


Stack: [0x0000000002470000,0x0000000002570000],  sp=0x000000000256c6c0,  free space=1009k
Native frames: (J=compiled Java code, j=interpreted, Vv=VM code, C=native code)
V  [jvm.dll+0x28db81]
C  0x0000000000000001

Java frames: (J=compiled Java code, j=interpreted, Vv=VM code)
v  ~RuntimeStub::resolve_opt_virtual_call
J 1246 C1 java.lang.StringBuilder.append(I)Ljava/lang/StringBuilder; (8 bytes) @ 0x0000000002c6c144 [0x0000000002c6c0c0+0x84]
j  sun.misc.ProxyGenerator$ProxyMethod.<init>(Lsun/misc/ProxyGenerator;Ljava/lang/String;[Ljava/lang/Class;Ljava/lang/Class;[Ljava/lang/Class;Ljava/lang/Class;)V+54
j  sun.misc.ProxyGenerator$ProxyMethod.<init>(Lsun/misc/ProxyGenerator;Ljava/lang/String;[Ljava/lang/Class;Ljava/lang/Class;[Ljava/lang/Class;Ljava/lang/Class;Lsun/misc/ProxyGenerator$1;)V+10
j  sun.misc.ProxyGenerator.addProxyMethod(Ljava/lang/reflect/Method;Ljava/lang/Class;)V+224
j  sun.misc.ProxyGenerator.generateClassFile()[B+81
j  sun.misc.ProxyGenerator.generateProxyClass(Ljava/lang/String;[Ljava/lang/Class;I)[B+12
j  java.lang.reflect.Proxy$ProxyClassFactory.apply(Ljava/lang/ClassLoader;[Ljava/lang/Class;)Ljava/lang/Class;+357
j  java.lang.reflect.Proxy$ProxyClassFactory.apply(Ljava/lang/Object;Ljava/lang/Object;)Ljava/lang/Object;+9
j  java.lang.reflect.WeakCache$Factory.get()Ljava/lang/Object;+41
j  java.lang.reflect.WeakCache.get(Ljava/lang/Object;Ljava/lang/Object;)Ljava/lang/Object;+112
j  java.lang.reflect.Proxy.getProxyClass0(Ljava/lang/ClassLoader;[Ljava/lang/Class;)Ljava/lang/Class;+22
j  java.lang.reflect.Proxy.newProxyInstance(Ljava/lang/ClassLoader;[Ljava/lang/Class;Ljava/lang/reflect/InvocationHandler;)Ljava/lang/Object;+33
j  org.openqa.selenium.support.events.EventFiringWebDriver.<init>(Lorg/openqa/selenium/WebDriver;)V+69
j  com.primerevenue.osci.driver.Browser.initEventFiringWebDriver()V+7
j  com.primerevenue.osci.driver.Browser.init()V+3
j  com.primerevenue.osci.driver.Browser.open(Ljava/lang/String;Ljava/lang/String;Ljava/lang/String;)V+18
j  com.primerevenue.osci.driver.PRBase.login(Ljava/lang/String;)V+9
j  com.primerevenue.osci.test.smoke.CMModReportsTestNG10.cmsmokeTest1()V+11
v  ~StubRoutines::call_stub
j  sun.reflect.NativeMethodAccessorImpl.invoke0(Ljava/lang/reflect/Method;Ljava/lang/Object;[Ljava/lang/Object;)Ljava/lang/Object;+0
j  sun.reflect.NativeMethodAccessorImpl.invoke(Ljava/lang/Object;[Ljava/lang/Object;)Ljava/lang/Object;+100
j  sun.reflect.DelegatingMethodAccessorImpl.invoke(Ljava/lang/Object;[Ljava/lang/Object;)Ljava/lang/Object;+6
j  java.lang.reflect.Method.invoke(Ljava/lang/Object;[Ljava/lang/Object;)Ljava/lang/Object;+56
j  org.testng.internal.MethodInvocationHelper.invokeMethod(Ljava/lang/reflect/Method;Ljava/lang/Object;[Ljava/lang/Object;)Ljava/lang/Object;+235
j  org.testng.internal.Invoker.invokeMethod(Ljava/lang/Object;Lorg/testng/ITestNGMethod;[Ljava/lang/Object;ILorg/testng/xml/XmlSuite;Ljava/util/Map;Lorg/testng/ITestClass;[Lorg/testng/ITestNGMethod;[Lorg/testng/ITestNGMethod;Lorg/testng/internal/ConfigurationGroupMethods;Lorg/testng/internal/Invoker$FailureContext;)Lorg/testng/ITestResult;+277
j  org.testng.internal.Invoker.invokeTestMethod(Ljava/lang/Object;Lorg/testng/ITestNGMethod;[Ljava/lang/Object;ILorg/testng/xml/XmlSuite;Ljava/util/Map;Lorg/testng/ITestClass;[Lorg/testng/ITestNGMethod;[Lorg/testng/ITestNGMethod;Lorg/testng/internal/ConfigurationGroupMethods;Lorg/testng/internal/Invoker$FailureContext;)Lorg/testng/ITestResult;+29
j  org.testng.internal.Invoker.invokeTestMethods(Lorg/testng/ITestNGMethod;Lorg/testng/xml/XmlSuite;Ljava/util/Map;Lorg/testng/internal/ConfigurationGroupMethods;Ljava/lang/Object;Lorg/testng/ITestContext;)Ljava/util/List;+675
j  org.testng.internal.TestMethodWorker.invokeTestMethods(Lorg/testng/ITestNGMethod;Ljava/lang/Object;Lorg/testng/ITestContext;)V+19
j  org.testng.internal.TestMethodWorker.run()V+60
j  org.testng.TestRunner.privateRun(Lorg/testng/xml/XmlTest;)V+324
j  org.testng.TestRunner.run()V+26
j  org.testng.SuiteRunner.runTest(Lorg/testng/TestRunner;)V+1
j  org.testng.SuiteRunner.runSequentially()V+31
j  org.testng.SuiteRunner.privateRun()V+282
j  org.testng.SuiteRunner.run()V+6
j  org.testng.SuiteRunnerWorker.runSuite(Lorg/testng/internal/SuiteRunnerMap;Lorg/testng/xml/XmlSuite;)V+89
j  org.testng.SuiteRunnerWorker.run()V+12
j  org.testng.TestNG.runSuitesSequentially(Lorg/testng/xml/XmlSuite;Lorg/testng/internal/SuiteRunnerMap;ILjava/lang/String;)V+66
j  org.testng.TestNG.runSuitesLocally()Ljava/util/List;+143
j  org.testng.TestNG.run()V+81
j  org.testng.remote.RemoteTestNG.run()V+208
j  org.testng.remote.RemoteTestNG.initAndRun([Ljava/lang/String;Lorg/testng/CommandLineArgs;Lorg/testng/remote/RemoteArgs;)V+171
j  org.testng.remote.RemoteTestNG.main([Ljava/lang/String;)V+106
v  ~StubRoutines::call_stub

---------------  P R O C E S S  ---------------

Java Threads: ( => current thread )
  0x000000001f15a000 JavaThread "Exec Stream Pumper" daemon [_thread_in_native, id=10992, stack(0x0000000020820000,0x0000000020920000)]
  0x000000001f159000 JavaThread "Exec Stream Pumper" daemon [_thread_in_native, id=4476, stack(0x0000000020960000,0x0000000020a60000)]
  0x000000001e852000 JavaThread "Exec Default Executor" daemon [_thread_in_native, id=10988, stack(0x000000001ecd0000,0x000000001edd0000)]
  0x000000001e3b6000 JavaThread "ReaderThread" [_thread_in_native, id=10836, stack(0x000000001ef20000,0x000000001f020000)]
  0x000000001d989800 JavaThread "Service Thread" daemon [_thread_blocked, id=11036, stack(0x000000001d5a0000,0x000000001d6a0000)]
  0x000000001d90c800 JavaThread "C1 CompilerThread2" daemon [_thread_blocked, id=11196, stack(0x000000001d350000,0x000000001d450000)]
  0x000000001d903800 JavaThread "C2 CompilerThread1" daemon [_thread_in_native, id=5056, stack(0x000000001de00000,0x000000001df00000)]
  0x000000001bf49800 JavaThread "C2 CompilerThread0" daemon [_thread_in_native, id=608, stack(0x000000001d800000,0x000000001d900000)]
  0x000000001bf47800 JavaThread "Attach Listener" daemon [_thread_blocked, id=10788, stack(0x000000001d6b0000,0x000000001d7b0000)]
  0x000000001bf4e800 JavaThread "Signal Dispatcher" daemon [_thread_blocked, id=8996, stack(0x000000001d490000,0x000000001d590000)]
  0x000000001bee9800 JavaThread "Finalizer" daemon [_thread_blocked, id=6804, stack(0x000000001d220000,0x000000001d320000)]
  0x000000001bee2800 JavaThread "Reference Handler" daemon [_thread_blocked, id=3736, stack(0x000000001cef0000,0x000000001cff0000)]
=>0x0000000001dce800 JavaThread "main" [_thread_in_vm, id=3848, stack(0x0000000002470000,0x0000000002570000)]

Other Threads:
  0x000000001bedc800 VMThread [stack: 0x000000001d010000,0x000000001d110000] [id=504]
  0x000000001d9a6000 WatcherThread [stack: 0x000000001dff0000,0x000000001e0f0000] [id=10336]

VM state:not at safepoint (normal execution)

VM Mutex/Monitor currently owned by a thread: None

Heap:
 PSYoungGen      total 75264K, used 15086K [0x000000076c400000, 0x0000000771800000, 0x00000007c0000000)
  eden space 64512K, 6% used [0x000000076c400000,0x000000076c841700,0x0000000770300000)
  from space 10752K, 99% used [0x0000000770300000,0x0000000770d7a2c0,0x0000000770d80000)
  to   space 10752K, 0% used [0x0000000770d80000,0x0000000770d80000,0x0000000771800000)
 ParOldGen       total 172032K, used 882K [0x00000006c4c00000, 0x00000006cf400000, 0x000000076c400000)
  object space 172032K, 0% used [0x00000006c4c00000,0x00000006c4cdca80,0x00000006cf400000)
 Metaspace       used 17779K, capacity 18004K, committed 18304K, reserved 1064960K
  class space    used 2307K, capacity 2381K, committed 2432K, reserved 1048576K

Card table byte_map: [0x0000000011c00000,0x00000000123e0000] byte_map_base: 0x000000000e5da000

Marking Bits: (ParMarkBitMap*) 0x0000000055f9a5b0
 Begin Bits: [0x0000000012fd0000, 0x0000000016ea0000)
 End Bits:   [0x0000000016ea0000, 0x000000001ad70000)

Polling page: 0x0000000000450000

CodeCache: size=245760Kb used=4331Kb max_used=4347Kb free=241428Kb
 bounds [0x0000000002840000, 0x0000000002c90000, 0x0000000011840000]
 total_blobs=1634 nmethods=1244 adapters=303
 compilation: enabled

Compilation events (10 events):
Event: 9.458 Thread 0x000000001d90c800 nmethod 1239 0x0000000002c6ed10 code [0x0000000002c6ee80, 0x0000000002c6f068]
Event: 9.458 Thread 0x000000001bf49800 1242       4       java.io.DataOutputStream::writeByte (14 bytes)
Event: 9.458 Thread 0x000000001d90c800 1240       3       sun.misc.ProxyGenerator$ConstantPool::getFieldRef (33 bytes)
Event: 9.459 Thread 0x000000001d90c800 nmethod 1240 0x0000000002c6d210 code [0x0000000002c6d4a0, 0x0000000002c6e208]
Event: 9.459 Thread 0x000000001d90c800 1241       3       sun.misc.ProxyGenerator$ConstantPool::getString (21 bytes)
Event: 9.460 Thread 0x000000001d90c800 nmethod 1241 0x0000000002c6c890 code [0x0000000002c6ca40, 0x0000000002c6cf48]
Event: 9.462 Thread 0x000000001d90c800 1245       3       java.lang.Class::forName (15 bytes)
Event: 9.463 Thread 0x000000001d90c800 nmethod 1245 0x0000000002c6c2d0 code [0x0000000002c6c460, 0x0000000002c6c758]
Event: 9.471 Thread 0x000000001d90c800 1246       3       java.lang.StringBuilder::append (8 bytes)
Event: 9.471 Thread 0x000000001d90c800 nmethod 1246 0x0000000002c6bf50 code [0x0000000002c6c0c0, 0x0000000002c6c248]

GC Heap History (2 events):
Event: 8.729 GC heap before
{Heap before GC invocations=1 (full 0):
 PSYoungGen      total 75264K, used 64512K [0x000000076c400000, 0x0000000771800000, 0x00000007c0000000)
  eden space 64512K, 100% used [0x000000076c400000,0x0000000770300000,0x0000000770300000)
  from space 10752K, 0% used [0x0000000770d80000,0x0000000770d80000,0x0000000771800000)
  to   space 10752K, 0% used [0x0000000770300000,0x0000000770300000,0x0000000770d80000)
 ParOldGen       total 172032K, used 0K [0x00000006c4c00000, 0x00000006cf400000, 0x000000076c400000)
  object space 172032K, 0% used [0x00000006c4c00000,0x00000006c4c00000,0x00000006cf400000)
 Metaspace       used 17230K, capacity 17492K, committed 17792K, reserved 1064960K
  class space    used 2231K, capacity 2317K, committed 2432K, reserved 1048576K
Event: 8.751 GC heap after
Heap after GC invocations=1 (full 0):
 PSYoungGen      total 75264K, used 10728K [0x000000076c400000, 0x0000000771800000, 0x00000007c0000000)
  eden space 64512K, 0% used [0x000000076c400000,0x000000076c400000,0x0000000770300000)
  from space 10752K, 99% used [0x0000000770300000,0x0000000770d7a2c0,0x0000000770d80000)
  to   space 10752K, 0% used [0x0000000770d80000,0x0000000770d80000,0x0000000771800000)
 ParOldGen       total 172032K, used 882K [0x00000006c4c00000, 0x00000006cf400000, 0x000000076c400000)
  object space 172032K, 0% used [0x00000006c4c00000,0x00000006c4cdca80,0x00000006cf400000)
 Metaspace       used 17230K, capacity 17492K, committed 17792K, reserved 1064960K
  class space    used 2231K, capacity 2317K, committed 2432K, reserved 1048576K
}

Deoptimization events (10 events):
Event: 2.356 Thread 0x0000000001dce800 Uncommon trap: reason=unstable_if action=reinterpret pc=0x0000000002c122f0 method=org.apache.http.conn.util.PublicSuffixListParser.readLine(Ljava/io/Reader;Ljava/lang/StringBuilder;)Z @ 15
Event: 2.458 Thread 0x0000000001dce800 Uncommon trap: reason=unstable_if action=reinterpret pc=0x00000000029c2464 method=java.lang.String.replace(CC)Ljava/lang/String; @ 2
Event: 2.549 Thread 0x000000001f159000 Uncommon trap: reason=bimorphic action=maybe_recompile pc=0x0000000002b25e50 method=java.io.FilterInputStream.read([B)I @ 5
Event: 4.302 Thread 0x000000001f159000 Uncommon trap: reason=bimorphic action=maybe_recompile pc=0x0000000002b25e50 method=java.io.FilterInputStream.read([B)I @ 5
Event: 4.313 Thread 0x000000001f159000 Uncommon trap: reason=bimorphic action=maybe_recompile pc=0x0000000002b25e50 method=java.io.FilterInputStream.read([B)I @ 5
Event: 4.315 Thread 0x000000001f159000 Uncommon trap: reason=bimorphic action=maybe_recompile pc=0x0000000002b25e50 method=java.io.FilterInputStream.read([B)I @ 5
Event: 4.452 Thread 0x000000001f159000 Uncommon trap: reason=unstable_if action=reinterpret pc=0x0000000002c4dca8 method=org.openqa.selenium.remote.internal.CircularOutputStream.write(I)V @ 52
Event: 5.898 Thread 0x000000001f159000 Uncommon trap: reason=unstable_if action=reinterpret pc=0x0000000002c46cf8 method=org.openqa.selenium.remote.internal.CircularOutputStream.write(I)V @ 52
Event: 8.713 Thread 0x0000000001dce800 Uncommon trap: reason=unstable_if action=reinterpret pc=0x0000000002b6d7ec method=java.util.regex.Pattern$BmpCharProperty.match(Ljava/util/regex/Matcher;ILjava/lang/CharSequence;)Z @ 34
Event: 9.427 Thread 0x0000000001dce800 Uncommon trap: reason=unstable_if action=reinterpret pc=0x0000000002c2e374 method=java.lang.String.regionMatches(ZILjava/lang/String;II)Z @ 123

Internal exceptions (10 events):
Event: 2.258 Thread 0x0000000001dce800 Exception <a 'java/lang/NoSuchFieldError': method resolution failed> (0x000000076ef31000) thrown at [C:\workspace\8-2-build-windows-amd64-cygwin\jdk8u65\4987\hotspot\src\share\vm\prims\methodHandles.cpp, line 1146]
Event: 2.260 Thread 0x0000000001dce800 Exception <a 'java/lang/NoSuchFieldError': method resolution failed> (0x000000076ef3eac0) thrown at [C:\workspace\8-2-build-windows-amd64-cygwin\jdk8u65\4987\hotspot\src\share\vm\prims\methodHandles.cpp, line 1146]
Event: 3.497 Thread 0x0000000001dce800 Exception <a 'java/net/ConnectException': Connection refused: connect> (0x000000076fb18858) thrown at [C:\workspace\8-2-build-windows-amd64-cygwin\jdk8u65\4987\hotspot\src\share\vm\prims\jni.cpp, line 735]
Event: 4.677 Thread 0x0000000001dce800 Exception <a 'java/net/ConnectException': Connection refused: connect> (0x000000076fb19ea0) thrown at [C:\workspace\8-2-build-windows-amd64-cygwin\jdk8u65\4987\hotspot\src\share\vm\prims\jni.cpp, line 735]
Event: 5.778 Thread 0x0000000001dce800 Exception <a 'java/net/ConnectException': Connection refused: connect> (0x000000076fb1b4e8) thrown at [C:\workspace\8-2-build-windows-amd64-cygwin\jdk8u65\4987\hotspot\src\share\vm\prims\jni.cpp, line 735]
Event: 6.878 Thread 0x0000000001dce800 Exception <a 'java/net/ConnectException': Connection refused: connect> (0x000000076fb1cb30) thrown at [C:\workspace\8-2-build-windows-amd64-cygwin\jdk8u65\4987\hotspot\src\share\vm\prims\jni.cpp, line 735]
Event: 7.981 Thread 0x0000000001dce800 Exception <a 'java/net/ConnectException': Connection refused: connect> (0x000000076fb1e178) thrown at [C:\workspace\8-2-build-windows-amd64-cygwin\jdk8u65\4987\hotspot\src\share\vm\prims\jni.cpp, line 735]
Event: 8.706 Thread 0x0000000001dce800 Exception <a 'java/lang/ArrayIndexOutOfBoundsException'> (0x0000000770258990) thrown at [C:\workspace\8-2-build-windows-amd64-cygwin\jdk8u65\4987\hotspot\src\share\vm\runtime\sharedRuntime.cpp, line 605]
Event: 8.707 Thread 0x0000000001dce800 Exception <a 'java/lang/ArrayIndexOutOfBoundsException'> (0x000000077025a300) thrown at [C:\workspace\8-2-build-windows-amd64-cygwin\jdk8u65\4987\hotspot\src\share\vm\runtime\sharedRuntime.cpp, line 605]
Event: 8.707 Thread 0x0000000001dce800 Exception <a 'java/lang/ArrayIndexOutOfBoundsException'> (0x000000077025b728) thrown at [C:\workspace\8-2-build-windows-amd64-cygwin\jdk8u65\4987\hotspot\src\share\vm\runtime\sharedRuntime.cpp, line 605]

Events (10 events):
Event: 9.466 loading class org/openqa/selenium/By$ByXPath
Event: 9.466 loading class org/openqa/selenium/By$ByXPath done
Event: 9.467 loading class org/openqa/selenium/By$ByTagName
Event: 9.467 loading class org/openqa/selenium/By$ByTagName done
Event: 9.468 loading class org/openqa/selenium/support/events/EventFiringWebDriver$2
Event: 9.468 loading class org/openqa/selenium/support/events/EventFiringWebDriver$2 done
Event: 9.469 loading class java/lang/reflect/Proxy$KeyX
Event: 9.469 loading class java/lang/reflect/Proxy$KeyX done
Event: 9.469 loading class org/openqa/selenium/OutputType
Event: 9.469 loading class org/openqa/selenium/OutputType done


Dynamic libraries:
0x000000013f690000 - 0x000000013f6c7000 	C:\Program Files\Java\jre1.8.0_65\bin\javaw.exe
0x0000000077480000 - 0x0000000077629000 	C:\Windows\SYSTEM32\ntdll.dll
0x0000000077360000 - 0x0000000077480000 	C:\Windows\system32\kernel32.dll
0x000007fefd560000 - 0x000007fefd5cb000 	C:\Windows\system32\KERNELBASE.dll
0x000007feff3c0000 - 0x000007feff49b000 	C:\Windows\system32\ADVAPI32.dll
0x000007fefea30000 - 0x000007fefeacf000 	C:\Windows\system32\msvcrt.dll
0x000007fefd8d0000 - 0x000007fefd8ef000 	C:\Windows\SYSTEM32\sechost.dll
0x000007feff290000 - 0x000007feff3bd000 	C:\Windows\system32\RPCRT4.dll
0x0000000077260000 - 0x000000007735a000 	C:\Windows\system32\USER32.dll
0x000007fefd860000 - 0x000007fefd8c7000 	C:\Windows\system32\GDI32.dll
0x000007feff780000 - 0x000007feff78e000 	C:\Windows\system32\LPK.dll
0x000007fefeef0000 - 0x000007fefefb9000 	C:\Windows\system32\USP10.dll
0x000007fefb770000 - 0x000007fefb964000 	C:\Windows\WinSxS\amd64_microsoft.windows.common-controls_6595b64144ccf1df_6.0.7601.18837_none_fa3b1e3d17594757\COMCTL32.dll
0x000007fefd5e0000 - 0x000007fefd651000 	C:\Windows\system32\SHLWAPI.dll
0x000007feff6d0000 - 0x000007feff6fe000 	C:\Windows\system32\IMM32.DLL
0x000007fefede0000 - 0x000007fefeee9000 	C:\Windows\system32\MSCTF.dll
0x0000000074f80000 - 0x0000000074fb8000 	C:\PROGRA~2\Sophos\SOPHOS~1\SOPHOS~2.DLL
0x0000000077640000 - 0x0000000077647000 	C:\Windows\system32\PSAPI.DLL
0x0000000057a40000 - 0x0000000057b12000 	C:\Program Files\Java\jre1.8.0_65\bin\msvcr100.dll
0x0000000055790000 - 0x0000000056019000 	C:\Program Files\Java\jre1.8.0_65\bin\server\jvm.dll
0x000007fefaaf0000 - 0x000007fefaaf9000 	C:\Windows\system32\WSOCK32.dll
0x000007fefe9e0000 - 0x000007fefea2d000 	C:\Windows\system32\WS2_32.dll
0x000007fefda30000 - 0x000007fefda38000 	C:\Windows\system32\NSI.dll
0x000007fefad70000 - 0x000007fefadab000 	C:\Windows\system32\WINMM.dll
0x000007fefc3a0000 - 0x000007fefc3ac000 	C:\Windows\system32\VERSION.dll
0x000000006e6c0000 - 0x000000006e6cf000 	C:\Program Files\Java\jre1.8.0_65\bin\verify.dll
0x000000006d9b0000 - 0x000000006d9d9000 	C:\Program Files\Java\jre1.8.0_65\bin\java.dll
0x0000000062e30000 - 0x0000000062e46000 	C:\Program Files\Java\jre1.8.0_65\bin\zip.dll
0x000007fefda40000 - 0x000007fefe7c9000 	C:\Windows\system32\SHELL32.dll
0x000007fefe7d0000 - 0x000007fefe9d3000 	C:\Windows\system32\ole32.dll
0x000007fefd220000 - 0x000007fefd22f000 	C:\Windows\system32\profapi.dll
0x0000000062030000 - 0x000000006204a000 	C:\Program Files\Java\jre1.8.0_65\bin\net.dll
0x000007fefc3b0000 - 0x000007fefc3dd000 	C:\ProgramData\Sophos\Web Intelligence\swi_ifslsp_64.dll
0x000007fefca00000 - 0x000007fefca55000 	C:\Windows\system32\mswsock.dll
0x000007fefc9f0000 - 0x000007fefc9f7000 	C:\Windows\System32\wship6.dll
0x000007fefc380000 - 0x000007fefc387000 	C:\Windows\System32\wshtcpip.dll
0x000007fefc880000 - 0x000007fefc8db000 	C:\Windows\system32\DNSAPI.dll
0x00000000724a0000 - 0x00000000724c6000 	C:\Program Files\Bonjour\mdnsNSP.dll
0x000007fefc160000 - 0x000007fefc187000 	C:\Windows\system32\Iphlpapi.DLL
0x000007fefc150000 - 0x000007fefc15b000 	C:\Windows\system32\WINNSI.DLL
0x000007fef6350000 - 0x000007fef6358000 	C:\Windows\system32\rasadhlp.dll
0x000007fef8130000 - 0x000007fef8183000 	C:\Windows\System32\fwpuclnt.dll
0x000007fefca60000 - 0x000007fefca78000 	C:\Windows\system32\CRYPTSP.dll
0x000007fefc760000 - 0x000007fefc7a7000 	C:\Windows\system32\rsaenh.dll
0x000007fefd540000 - 0x000007fefd55e000 	C:\Windows\system32\USERENV.dll
0x000007fefd0c0000 - 0x000007fefd0cf000 	C:\Windows\system32\CRYPTBASE.dll
0x000007fef78f0000 - 0x000007fef7908000 	C:\Windows\system32\dhcpcsvc.DLL
0x000007fef78d0000 - 0x000007fef78e1000 	C:\Windows\system32\dhcpcsvc6.DLL
0x0000000061e70000 - 0x0000000061e81000 	C:\Program Files\Java\jre1.8.0_65\bin\nio.dll
0x0000000061cb0000 - 0x0000000061cd4000 	C:\Program Files\Java\jre1.8.0_65\bin\sunec.dll
0x000007fefd060000 - 0x000007fefd0b7000 	C:\Windows\system32\apphelp.dll
0x000007fefab00000 - 0x000007fefac25000 	C:\Windows\system32\dbghelp.dll

VM Arguments:
jvm_args: -ea -Dfile.encoding=Cp1252 
java_command: org.testng.remote.RemoteTestNG -serport 58760 -d C:\LocalProjects\Eclipse\SCiSupplier\test-output C:\Users\samuluru\AppData\Local\Temp\testng-eclipse-1442352311\testng-customsuite.xml
java_class_path (initial): C:\LocalProjects\Eclipse\SCiSupplier\target\test-classes;C:\LocalProjects\Eclipse\SCiSupplier\target\classes;C:\apps\eclipse\plugins\org.testng.eclipse_6.9.10.201512020421\lib\testng.jar;C:\apps\eclipse\plugins\org.testng.eclipse_6.9.10.201512020421\lib\jcommander.jar;C:\apps\eclipse\plugins\org.testng.eclipse_6.9.10.201512020421\lib\bsh-2.0b4.jar;C:\apps\eclipse\plugins\org.testng.eclipse_6.9.10.201512020421\lib\snakeyaml.jar;C:\jar\aspriseOCR.jar;C:\jar\htmlunit-core-js-2.17.jar;C:\jar\log4j-1.2.17.jar;C:\jar\pdfbox-app-1.8.10.jar;C:\jar\selenium-server-standalone-2.47.1.jar;C:\jar\xalan-2.7.2.jar;C:\jar\jetty-io-9.2.11.v20150529.jar;C:\jar\sqljdbc4.jar;C:\jar\jndi-1.2.1.jar;C:\Users\samuluru\.m2\repository\org\seleniumhq\selenium\selenium-java\2.47.1\selenium-java-2.47.1.jar;C:\Users\samuluru\.m2\repository\org\seleniumhq\selenium\selenium-chrome-driver\2.47.1\selenium-chrome-driver-2.47.1.jar;C:\Users\samuluru\.m2\repository\org\seleniumhq\selenium\selenium-remote-driver\2.47.1\selenium-remote-driver-2.47.1.jar;C:\Users\samuluru\.m2\repository\cglib\cglib-nodep\2.1_3\cglib-nodep-2.1_3.jar;C:\Users\samuluru\.m2\repository\com\google\code\gson\gson\2.3.1\gson-2.3.1.jar;C:\Users\samuluru\.m2\repository\org\seleniumhq\selenium\selenium-api\2.47.1\selenium-api-2.47.1.jar;C:\Users\samuluru\.m2\repository\com\google\guava\guava\18.0\guava-18.0.jar;C:\Users\samuluru\.m2\repository\org\seleniumhq\selenium\selenium-edge-driver\2.47.1\selenium-edge-driver-2.47.1.jar;C:\Users\samuluru\.m2\repository\commons-io\commons-io\2.4\commons-io-2.4.jar;C:\Users\samuluru\.m2\repository\org\apache\commons\commons-exec\1.3\commons-exec-1.3.jar;C:\Users\samuluru\.m2\repository\org\seleniumhq\selenium\selenium-htmlunit-driver\2.47.1\selenium-htmlunit-driver-2.47.1.jar;C:\Users\samuluru\.m2\repository\net\sourceforge\htmlunit\htmlunit\2.17\htmlunit-2.17.jar;C:\Users\samuluru\.m2\repository\xalan\xalan\2.7.2\xalan-2.7.2.jar;C:\Users\samuluru\.m2\repository\xala
Launcher Type: SUN_STANDARD

Environment Variables:
JAVA_HOME=C:\Program Files\Java\jdk1.8.0_60;C:\Program Files\Java\jre1.8.0_65\bin
PATH=C:/Program Files/Java/jre1.8.0_65/bin/server;C:/Program Files/Java/jre1.8.0_65/bin;C:/Program Files/Java/jre1.8.0_65/lib/amd64;C:\ProgramData\Oracle\Java\javapath;C:\Program Files (x86)\Intel\iCLS Client\;C:\Program Files\Intel\iCLS Client\;C:\Windows\system32;C:\Windows;C:\Windows\System32\Wbem;C:\Windows\System32\WindowsPowerShell\v1.0\;C:\Program Files\Intel\Intel(R) Management Engine Components\DAL;C:\Program Files (x86)\Intel\Intel(R) Management Engine Components\DAL;C:\Program Files\Intel\Intel(R) Management Engine Components\IPT;C:\Program Files (x86)\Intel\Intel(R) Management Engine Components\IPT;C:\Program Files\Intel\WiFi\bin\;C:\Program Files\Common Files\Intel\WirelessCommon\;C:\Program Files\Lenovo\Fingerprint Manager Pro\;C:\Program Files (x86)\Common Files\Lenovo;C:\Program Files\Condusiv Technologies\ExpressCache\;C:\SWTOOLS\ReadyApps;C:\apps\apache-maven-3.3.3\bin;C:\Program Files (x86)\Lenovo\Access Connections\;C:\Program Files (x86)\Common Files\lenovo\easyplussdk\bin;C:\Program Files\Microsoft SQL Server\110\Tools\Binn\;C:\Program Files (x86)\Microsoft SQL Server\110\Tools\Binn\ManagementStudio\;C:\Program Files (x86)\Microsoft SQL Server\110\Tools\Binn\;C:\Program Files (x86)\Microsoft SQL Server\110\DTS\Binn\;C:\Program Files\Java\jre1.8.0_65\bin;C:\Program Files (x86)\Skype\Phone\;C:\apps\eclipse;
USERNAME=samuluru
OS=Windows_NT
PROCESSOR_IDENTIFIER=Intel64 Family 6 Model 61 Stepping 4, GenuineIntel



---------------  S Y S T E M  ---------------

OS: Windows 7 , 64 bit Build 7601 (6.1.7601.23250)

CPU:total 4 (2 cores per cpu, 2 threads per core) family 6 model 61 stepping 4, cmov, cx8, fxsr, mmx, sse, sse2, sse3, ssse3, sse4.1, sse4.2, popcnt, avx, avx2, aes, clmul, erms, rtm, 3dnowpref, lzcnt, ht, tsc, tscinvbit, bmi1, bmi2, adx

Memory: 4k page, physical 16465860k(11257400k free), swap 32929864k(27062140k free)

vm_info: Java HotSpot(TM) 64-Bit Server VM (25.65-b01) for windows-amd64 JRE (1.8.0_65-b17), built on Oct  6 2015 16:39:20 by "java_re" with MS VC++ 10.0 (VS2010)

time: Thu Dec 10 11:50:44 2015
elapsed time: 9 seconds (0d 0h 0m 9s)

